<?xml version="1.0" encoding="UTF-8"?>
<!-- Generated by org.testng.reporters.JUnitReportReporter -->
<testsuite hostname="VNNOT01232" failures="0" tests="1" name="tests.DragTest" time="38.867" errors="0" timestamp="2024-10-25T15:24:13 GMT+07:00" skipped="0">
  <testcase classname="tests.DragTest" name="dragTest" time="38.867"/>
</testsuite> <!-- tests.DragTest -->
