<?xml version="1.0" encoding="UTF-8"?>
<!-- Generated by org.testng.reporters.JUnitReportReporter -->
<testsuite hostname="VNNOT01232" failures="0" tests="3" name="tests.LoginTest" time="35.020" errors="0" timestamp="2024-10-25T15:24:13 GMT+07:00" skipped="0">
  <testcase classname="tests.LoginTest" name="loginTest" time="11.642"/>
  <testcase classname="tests.LoginTest" name="loginTest" time="11.775"/>
  <testcase classname="tests.LoginTest" name="loginTest" time="11.603"/>
</testsuite> <!-- tests.LoginTest -->
